<?xml version="1.0" encoding="UTF-8"?>
<!-- Generated by org.testng.reporters.JUnitReportReporter -->
<testsuite hostname="PC08-ATS" failures="0" tests="1" name="aegis.TestScripts.creates_salary_management_submit_salary_management" time="13.451" errors="0" timestamp="2024-08-03T11:14:59 IST" skipped="0">
  <testcase classname="aegis.TestScripts.creates_salary_management_submit_salary_management" name="salaryManagement" time="13.451"/>
</testsuite> <!-- aegis.TestScripts.creates_salary_management_submit_salary_management -->
