<?xml version="1.0" encoding="UTF-8"?>
<!-- Generated by org.testng.reporters.JUnitReportReporter -->
<testsuite hostname="PC08-ATS" failures="0" tests="1" name="aegis.TestScripts.viewing_shift_request_from_employee" time="9.055" errors="0" timestamp="2024-07-30T16:11:51 IST" skipped="0">
  <testcase classname="aegis.TestScripts.viewing_shift_request_from_employee" name="viewNotificationOfShiftManagement" time="9.055"/>
</testsuite> <!-- aegis.TestScripts.viewing_shift_request_from_employee -->
