<?xml version="1.0" encoding="UTF-8"?>
<!-- Generated by org.testng.reporters.JUnitReportReporter -->
<testsuite hostname="PC08-ATS" failures="0" tests="1" name="aegis.TestScripts.creating_new_organisation_with_basic_package" time="20.712" errors="0" timestamp="2024-07-27T17:57:24 IST" skipped="0">
  <testcase classname="aegis.TestScripts.creating_new_organisation_with_basic_package" name="addOrganisation" time="20.712"/>
</testsuite> <!-- aegis.TestScripts.creating_new_organisation_with_basic_package -->
