<?xml version="1.0" encoding="UTF-8"?>
<!-- Generated by org.testng.reporters.JUnitReportReporter -->
<testsuite hostname="PC08-ATS" failures="0" tests="1" name="aegis.TestScripts.employee_onboarding_through_excel" time="17.203" errors="0" timestamp="2024-08-03T15:27:14 IST" skipped="0">
  <testcase classname="aegis.TestScripts.employee_onboarding_through_excel" name="excelOnboarding" time="17.203"/>
</testsuite> <!-- aegis.TestScripts.employee_onboarding_through_excel -->
