<?xml version="1.0" encoding="UTF-8"?>
<!-- Generated by org.testng.reporters.JUnitReportReporter -->
<testsuite hostname="PC08-ATS" failures="0" tests="1" name="aegis.TestScripts.edit_organisation_from_organisation_list" time="17.437" errors="0" timestamp="2024-07-29T18:10:39 IST" skipped="0">
  <testcase classname="aegis.TestScripts.edit_organisation_from_organisation_list" name="editOrganisationDetails" time="17.437"/>
</testsuite> <!-- aegis.TestScripts.edit_organisation_from_organisation_list -->
