<?xml version="1.0" encoding="UTF-8"?>
<!-- Generated by org.testng.reporters.JUnitReportReporter -->
<testsuite hostname="PC08-ATS" failures="0" tests="1" name="aegis.TestScripts.empoyee_onboarding_in_employee" time="19.248" errors="0" timestamp="2024-07-29T14:25:39 IST" skipped="0">
  <testcase classname="aegis.TestScripts.empoyee_onboarding_in_employee" name="onBoarding" time="19.248"/>
</testsuite> <!-- aegis.TestScripts.empoyee_onboarding_in_employee -->
