<?xml version="1.0" encoding="UTF-8"?>
<!-- Generated by org.testng.reporters.JUnitReportReporter -->
<testsuite hostname="PC08-ATS" failures="0" tests="1" name="aegis.TestScripts.add_department_in_departmentList_Tests" time="22.601" errors="0" timestamp="2024-08-08T16:01:42 IST" skipped="0">
  <testcase classname="aegis.TestScripts.add_department_in_departmentList_Tests" name="addDepartment" time="22.601"/>
</testsuite> <!-- aegis.TestScripts.add_department_in_departmentList_Tests -->
