<?xml version="1.0" encoding="UTF-8"?>
<!-- Generated by org.testng.reporters.JUnitReportReporter -->
<testsuite hostname="PC08-ATS" failures="0" tests="1" name="aegis.TestScripts.create_new_survey_in_employee_survey" time="27.364" errors="0" timestamp="2024-07-29T13:03:41 IST" skipped="0">
  <testcase classname="aegis.TestScripts.create_new_survey_in_employee_survey" name="createNewSurvey" time="27.364"/>
</testsuite> <!-- aegis.TestScripts.create_new_survey_in_employee_survey -->
