<?xml version="1.0" encoding="UTF-8"?>
<!-- Generated by org.testng.reporters.JUnitReportReporter -->
<testsuite hostname="PC08-ATS" failures="0" tests="1" name="aegis.TestScripts.machine_punching_and_punch_sync" time="15.475" errors="0" timestamp="2024-08-05T10:45:14 IST" skipped="0">
  <testcase classname="aegis.TestScripts.machine_punching_and_punch_sync" name="punchSync" time="15.475"/>
</testsuite> <!-- aegis.TestScripts.machine_punching_and_punch_sync -->
