<?xml version="1.0" encoding="UTF-8"?>
<!-- Generated by org.testng.reporters.JUnitReportReporter -->
<testsuite hostname="PC08-ATS" failures="0" tests="1" name="aegis.TestScripts.creating_new_organisation_with_basic_package_Tests" time="19.959" errors="0" timestamp="2024-08-08T14:45:58 IST" skipped="0">
  <testcase classname="aegis.TestScripts.creating_new_organisation_with_basic_package_Tests" name="addOrganisation" time="19.959"/>
</testsuite> <!-- aegis.TestScripts.creating_new_organisation_with_basic_package_Tests -->
