<?xml version="1.0" encoding="UTF-8"?>
<!-- Generated by org.testng.reporters.JUnitReportReporter -->
<testsuite hostname="PC08-ATS" failures="0" tests="1" name="aegis.TestScripts.edit_organisation_from_organisation_list" time="13.810" errors="0" timestamp="2024-08-06T14:54:42 IST" skipped="0">
  <testcase classname="aegis.TestScripts.edit_organisation_from_organisation_list" name="editOrganisationDetails" time="13.810"/>
</testsuite> <!-- aegis.TestScripts.edit_organisation_from_organisation_list -->
