<?xml version="1.0" encoding="UTF-8"?>
<!-- Generated by org.testng.reporters.JUnitReportReporter -->
<testsuite hostname="PC08-ATS" failures="0" tests="1" name="aegis.TestScripts.edit_organisation_from_organisation_list_Tests" time="13.105" errors="0" timestamp="2024-08-07T12:03:56 IST" skipped="0">
  <testcase classname="aegis.TestScripts.edit_organisation_from_organisation_list_Tests" name="editOrganisationDetails" time="13.105"/>
</testsuite> <!-- aegis.TestScripts.edit_organisation_from_organisation_list_Tests -->
