<?xml version="1.0" encoding="UTF-8"?>
<!-- Generated by org.testng.reporters.JUnitReportReporter -->
<testsuite hostname="PC08-ATS" failures="0" tests="1" name="aegis.TestScripts.user_login_logout_Tests" time="53.579" errors="0" timestamp="2024-08-07T15:30:31 IST" skipped="0">
  <testcase classname="aegis.TestScripts.user_login_logout_Tests" name="loginAndLogout" time="53.579"/>
</testsuite> <!-- aegis.TestScripts.user_login_logout_Tests -->
