<?xml version="1.0" encoding="UTF-8"?>
<!-- Generated by org.testng.reporters.JUnitReportReporter -->
<testsuite hostname="PC08-ATS" failures="0" tests="1" name="aegis.TestScripts.employee_onboarding_through_excel_Tests" time="16.559" errors="0" timestamp="2024-08-07T14:40:48 IST" skipped="0">
  <testcase classname="aegis.TestScripts.employee_onboarding_through_excel_Tests" name="excelOnboarding" time="16.559"/>
</testsuite> <!-- aegis.TestScripts.employee_onboarding_through_excel_Tests -->
